android/app/build/intermediates/manifest_merge_blame_file/debug/manifest-merger-blame-debug-report.txt
1<?xml version="1.0" encoding="utf-8"?>
2<manifest xmlns:android="http://schemas.android.com/apk/res/android"
3    package="com.testapp"
4    android:versionCode="1"
5    android:versionName="1.0.0" >
6
7    <uses-sdk
8        android:minSdkVersion="21"
8-->src\main\AndroidManifest.xml
9        android:targetSdkVersion="31" />
9-->src\main\AndroidManifest.xml
10
11    <queries>
11-->src\main\AndroidManifest.xml:3:5-6:15
12        <package android:name="com.testapp.store" />
12-->src\main\AndroidManifest.xml:4:9-53
12-->src\main\AndroidManifest.xml:4:18-50
13        <package android:name="com.testapp.services" />
13-->src\main\AndroidManifest.xml:5:9-56
13-->src\main\AndroidManifest.xml:5:18-53
14
15        <intent>
15-->[:react-native-image-crop-picker] AndroidManifest.xml:10:9-12:18
16            <action android:name="android.media.action.IMAGE_CAPTURE" />
16-->[:react-native-image-crop-picker] AndroidManifest.xml:11:13-73
16-->[:react-native-image-crop-picker] AndroidManifest.xml:11:21-70
17        </intent>
18    </queries>
19
20    <uses-permission android:name="android.permission.INTERNET" />
20-->src\main\AndroidManifest.xml:8:5-67
20-->src\main\AndroidManifest.xml:8:22-64
21    <uses-permission android:name="android.permission.VIBRATE" />
21-->src\main\AndroidManifest.xml:9:5-66
21-->src\main\AndroidManifest.xml:9:22-63
22    <uses-permission android:name="android.permission.RECEIVE_BOOT_COMPLETED" />
22-->src\main\AndroidManifest.xml:10:5-81
22-->src\main\AndroidManifest.xml:10:22-78
23    <uses-permission android:name="android.permission.CAMERA" />
23-->src\main\AndroidManifest.xml:11:5-64
23-->src\main\AndroidManifest.xml:11:22-62
24
25    <uses-feature
25-->src\main\AndroidManifest.xml:12:5-85
26        android:name="android.hardware.camera"
26-->src\main\AndroidManifest.xml:12:19-57
27        android:required="false" />
27-->src\main\AndroidManifest.xml:12:58-82
28    <uses-feature
28-->src\main\AndroidManifest.xml:13:5-91
29        android:name="android.hardware.camera.front"
29-->src\main\AndroidManifest.xml:13:19-63
30        android:required="false" />
30-->src\main\AndroidManifest.xml:13:64-88
31
32    <uses-permission android:name="android.permission.READ_EXTERNAL_STORAGE" />
32-->src\main\AndroidManifest.xml:14:5-80
32-->src\main\AndroidManifest.xml:14:22-77
33    <uses-permission android:name="android.permission.WRITE_EXTERNAL_STORAGE" />
33-->src\main\AndroidManifest.xml:15:5-81
33-->src\main\AndroidManifest.xml:15:22-78
34    <uses-permission android:name="android.permission.DOWNLOAD_WITHOUT_NOTIFICATION" />
34-->src\main\AndroidManifest.xml:16:5-88
34-->src\main\AndroidManifest.xml:16:22-85
35    <uses-permission android:name="android.permission.ACCESS_WIFI_STATE" />
35-->[com.facebook.flipper:flipper:0.125.0] AndroidManifest.xml:16:5-76
35-->[com.facebook.flipper:flipper:0.125.0] AndroidManifest.xml:16:22-73
36    <uses-permission android:name="android.permission.ACCESS_NETWORK_STATE" /> <!-- Permission will be merged into the manifest of the hosting app. -->
36-->[:react-native-community_netinfo] AndroidManifest.xml:9:5-79
36-->[:react-native-community_netinfo] AndroidManifest.xml:9:22-76
37    <!-- Is required to launch foreground extraction service for targetSdkVersion 28+. -->
38    <uses-permission android:name="android.permission.FOREGROUND_SERVICE" />
38-->[com.google.android.play:core:1.9.0] AndroidManifest.xml:8:3-74
38-->[com.google.android.play:core:1.9.0] AndroidManifest.xml:8:20-72
39
40    <application
40-->src\main\AndroidManifest.xml:17:5-48:19
41        android:name="com.testapp.MainApplication"
41-->src\main\AndroidManifest.xml:18:7-38
42        android:allowBackup="false"
42-->src\main\AndroidManifest.xml:21:7-34
43        android:appComponentFactory="androidx.core.app.CoreComponentFactory"
43-->[androidx.core:core:1.6.0] AndroidManifest.xml:24:18-86
44        android:debuggable="true"
45        android:icon="@mipmap/ic_launcher"
45-->src\main\AndroidManifest.xml:20:7-41
46        android:label="@string/app_name"
46-->src\main\AndroidManifest.xml:19:7-39
47        android:largeHeap="true"
47-->src\main\AndroidManifest.xml:24:7-31
48        android:networkSecurityConfig="@xml/network_security_config"
48-->src\main\AndroidManifest.xml:25:7-67
49        android:supportsRtl="true"
49-->src\main\AndroidManifest.xml:23:7-33
50        android:theme="@style/AppTheme"
50-->src\main\AndroidManifest.xml:26:7-38
51        android:usesCleartextTraffic="true" >
51-->src\main\AndroidManifest.xml:22:7-42
52        <activity
52-->src\main\AndroidManifest.xml:28:9-38:20
53            android:name="com.testapp.SplashActivity"
53-->src\main\AndroidManifest.xml:29:13-43
54            android:configChanges="uiMode"
54-->src\main\AndroidManifest.xml:32:13-43
55            android:exported="true"
55-->src\main\AndroidManifest.xml:31:13-36
56            android:theme="@style/SplashTheme" >
56-->src\main\AndroidManifest.xml:30:13-47
57            <intent-filter>
57-->src\main\AndroidManifest.xml:34:13-37:29
58                <action android:name="android.intent.action.MAIN" />
58-->src\main\AndroidManifest.xml:35:17-69
58-->src\main\AndroidManifest.xml:35:25-66
59
60                <category android:name="android.intent.category.LAUNCHER" />
60-->src\main\AndroidManifest.xml:36:17-77
60-->src\main\AndroidManifest.xml:36:27-74
61            </intent-filter>
62        </activity>
63        <activity
63-->src\main\AndroidManifest.xml:39:7-46:18
64            android:name="com.testapp.MainActivity"
64-->src\main\AndroidManifest.xml:40:9-37
65            android:configChanges="keyboard|keyboardHidden|orientation|screenSize|uiMode"
65-->src\main\AndroidManifest.xml:42:9-86
66            android:exported="true"
66-->src\main\AndroidManifest.xml:44:9-32
67            android:label="@string/app_name"
67-->src\main\AndroidManifest.xml:41:9-41
68            android:launchMode="singleTask"
68-->src\main\AndroidManifest.xml:43:9-40
69            android:windowSoftInputMode="adjustResize" >
69-->src\main\AndroidManifest.xml:45:9-51
70        </activity>
71        <activity
71-->src\main\AndroidManifest.xml:47:7-84
72            android:name="com.facebook.react.devsupport.DevSettingsActivity"
72-->src\main\AndroidManifest.xml:47:17-81
73            android:exported="false" />
73-->[:react-native-navigation] AndroidManifest.xml:12:13-37
74
75        <provider
75-->[:react-native-image-crop-picker] AndroidManifest.xml:18:9-26:20
76            android:name="androidx.core.content.FileProvider"
76-->[:react-native-image-crop-picker] AndroidManifest.xml:19:13-62
77            android:authorities="com.testapp.provider"
77-->[:react-native-image-crop-picker] AndroidManifest.xml:20:13-60
78            android:exported="false"
78-->[:react-native-image-crop-picker] AndroidManifest.xml:21:13-37
79            android:grantUriPermissions="true" >
79-->[:react-native-image-crop-picker] AndroidManifest.xml:22:13-47
80            <meta-data
80-->[:react-native-image-crop-picker] AndroidManifest.xml:23:13-25:58
81                android:name="android.support.FILE_PROVIDER_PATHS"
81-->[:react-native-image-crop-picker] AndroidManifest.xml:24:17-67
82                android:resource="@xml/provider_paths" />
82-->[:react-native-image-crop-picker] AndroidManifest.xml:25:17-55
83        </provider>
84
85        <activity
85-->[:react-native-image-crop-picker] AndroidManifest.xml:28:9-30:72
86            android:name="com.yalantis.ucrop.UCropActivity"
86-->[:react-native-image-crop-picker] AndroidManifest.xml:29:13-60
87            android:theme="@style/Theme.AppCompat.Light.NoActionBar" />
87-->[:react-native-image-crop-picker] AndroidManifest.xml:30:13-69
88
89        <provider
89-->[:react-native-share] AndroidManifest.xml:10:9-18:20
90            android:name="cl.json.RNShareFileProvider"
90-->[:react-native-share] AndroidManifest.xml:11:13-55
91            android:authorities="com.testapp.rnshare.fileprovider"
91-->[:react-native-share] AndroidManifest.xml:12:13-72
92            android:exported="false"
92-->[:react-native-share] AndroidManifest.xml:13:13-37
93            android:grantUriPermissions="true" >
93-->[:react-native-share] AndroidManifest.xml:14:13-47
94            <meta-data
94-->[:react-native-image-crop-picker] AndroidManifest.xml:23:13-25:58
95                android:name="android.support.FILE_PROVIDER_PATHS"
95-->[:react-native-image-crop-picker] AndroidManifest.xml:24:17-67
96                android:resource="@xml/share_download_paths" />
96-->[:react-native-image-crop-picker] AndroidManifest.xml:25:17-55
97        </provider>
98
99        <meta-data
99-->[com.github.bumptech.glide:okhttp3-integration:4.12.0] AndroidManifest.xml:11:9-13:43
100            android:name="com.bumptech.glide.integration.okhttp3.OkHttpGlideModule"
100-->[com.github.bumptech.glide:okhttp3-integration:4.12.0] AndroidManifest.xml:12:13-84
101            android:value="GlideModule" />
101-->[com.github.bumptech.glide:okhttp3-integration:4.12.0] AndroidManifest.xml:13:13-40
102
103        <activity
103-->[com.google.android.gms:play-services-base:17.5.0] AndroidManifest.xml:23:9-26:75
104            android:name="com.google.android.gms.common.api.GoogleApiActivity"
104-->[com.google.android.gms:play-services-base:17.5.0] AndroidManifest.xml:24:13-79
105            android:exported="false"
105-->[com.google.android.gms:play-services-base:17.5.0] AndroidManifest.xml:25:13-37
106            android:theme="@android:style/Theme.Translucent.NoTitleBar" />
106-->[com.google.android.gms:play-services-base:17.5.0] AndroidManifest.xml:26:13-72
107
108        <meta-data
108-->[com.google.android.gms:play-services-basement:17.5.0] AndroidManifest.xml:23:9-25:69
109            android:name="com.google.android.gms.version"
109-->[com.google.android.gms:play-services-basement:17.5.0] AndroidManifest.xml:24:13-58
110            android:value="@integer/google_play_services_version" /> <!-- The activities will be merged into the manifest of the hosting app. -->
110-->[com.google.android.gms:play-services-basement:17.5.0] AndroidManifest.xml:25:13-66
111        <activity
111-->[com.google.android.play:core:1.9.0] AndroidManifest.xml:12:5-271
112            android:name="com.google.android.play.core.missingsplits.PlayCoreMissingSplitsActivity"
112-->[com.google.android.play:core:1.9.0] AndroidManifest.xml:12:15-102
113            android:enabled="false"
113-->[com.google.android.play:core:1.9.0] AndroidManifest.xml:12:103-126
114            android:exported="false"
114-->[com.google.android.play:core:1.9.0] AndroidManifest.xml:12:127-151
115            android:launchMode="singleInstance"
115-->[com.google.android.play:core:1.9.0] AndroidManifest.xml:12:204-239
116            android:process=":playcore_missing_splits_activity"
116-->[com.google.android.play:core:1.9.0] AndroidManifest.xml:12:152-203
117            android:stateNotNeeded="true" />
117-->[com.google.android.play:core:1.9.0] AndroidManifest.xml:12:240-269
118        <activity
118-->[com.google.android.play:core:1.9.0] AndroidManifest.xml:13:5-226
119            android:name="com.google.android.play.core.common.PlayCoreDialogWrapperActivity"
119-->[com.google.android.play:core:1.9.0] AndroidManifest.xml:13:15-95
120            android:enabled="false"
120-->[com.google.android.play:core:1.9.0] AndroidManifest.xml:13:96-119
121            android:exported="false"
121-->[com.google.android.play:core:1.9.0] AndroidManifest.xml:13:120-144
122            android:stateNotNeeded="true"
122-->[com.google.android.play:core:1.9.0] AndroidManifest.xml:13:145-174
123            android:theme="@style/Theme.PlayCore.Transparent" /> <!-- The service will be merged into the manifest of the hosting app. -->
123-->[com.google.android.play:core:1.9.0] AndroidManifest.xml:13:175-224
124        <service
124-->[com.google.android.play:core:1.9.0] AndroidManifest.xml:16:5-145
125            android:name="com.google.android.play.core.assetpacks.AssetPackExtractionService"
125-->[com.google.android.play:core:1.9.0] AndroidManifest.xml:16:14-95
126            android:enabled="false"
126-->[com.google.android.play:core:1.9.0] AndroidManifest.xml:16:96-119
127            android:exported="true" />
127-->[com.google.android.play:core:1.9.0] AndroidManifest.xml:16:120-143
128    </application>
129
130</manifest>